<?xml version="1.0" encoding="UTF-8"?>
<!-- Generated by org.testng.reporters.JUnitReportReporter -->
<testsuite hostname="OTisMnl_Francis" failures="0" tests="1" name="single.browser.LoginCredentialsV2" time="15.826" errors="0" timestamp="2023-10-27T20:09:30 PST" skipped="0">
  <testcase classname="single.browser.LoginCredentialsV2" name="navigateToLoginPage" time="15.826"/>
</testsuite> <!-- single.browser.LoginCredentialsV2 -->
