<?xml version="1.0" encoding="UTF-8"?>
<!-- Generated by org.testng.reporters.JUnitReportReporter -->
<testsuite hostname="OTisMnl_Francis" failures="0" tests="1" name="single.browser.LoginCredentials" time="21.739" errors="0" timestamp="2023-10-26T20:33:15 PST" skipped="0">
  <testcase classname="single.browser.LoginCredentials" name="navigateToLoginPage" time="21.739"/>
</testsuite> <!-- single.browser.LoginCredentials -->
