<?xml version="1.0" encoding="UTF-8"?>
<!-- Generated by org.testng.reporters.JUnitReportReporter -->
<testsuite hostname="OTisMnl_Francis" failures="0" tests="1" name="single.browser.NavigateToPage" time="7.758" errors="0" timestamp="2023-10-26T19:43:12 PST" skipped="0">
  <testcase classname="single.browser.NavigateToPage" name="navigateToLoginPage" time="7.758"/>
</testsuite> <!-- single.browser.NavigateToPage -->
