<?xml version="1.0" encoding="UTF-8"?>
<!-- Generated by org.testng.reporters.JUnitReportReporter -->
<testsuite hostname="OTisMnl_Francis" failures="0" tests="1" name="single.browser.LoginCredentialsV1" time="17.125" errors="0" timestamp="2023-10-27T19:55:28 PST" skipped="0">
  <testcase classname="single.browser.LoginCredentialsV1" name="navigateToLoginPage" time="17.125"/>
</testsuite> <!-- single.browser.LoginCredentialsV1 -->
